[14:49:16] [Server thread/INFO]: Starting minecraft server version 1.12.2
[14:49:16] [Server thread/INFO]: Loading properties
[14:49:16] [Server thread/INFO]: Default game type: SURVIVAL
[14:49:16] [Server thread/INFO]: This server is running CraftBukkit version git-Spigot-fc7ad59-d7bebef (MC: 1.12.2) (Implementing API version 1.12.2-R0.1-SNAPSHOT)
[14:49:16] [Server thread/INFO]: Using 4 threads for Netty based IO
[14:49:16] [Server thread/INFO]: Server Ping Player Sample Count: 12
[14:49:16] [Server thread/INFO]: Debug logging is disabled
[14:49:16] [Server thread/INFO]: Generating keypair
[14:49:17] [Server thread/INFO]: Starting Minecraft server on *:25565
[14:49:17] [Server thread/INFO]: Using epoll channel type
[14:49:22] [Server thread/ERROR]: Could not load 'plugins/spigot-1.9.2.jar' in folder 'plugins'
org.bukkit.plugin.InvalidDescriptionException: Invalid plugin.yml
	at org.bukkit.plugin.java.JavaPluginLoader.getPluginDescription(JavaPluginLoader.java:152) ~[spigot-1.12.2.jar:git-Spigot-fc7ad59-d7bebef]
	at org.bukkit.plugin.SimplePluginManager.loadPlugins(SimplePluginManager.java:133) [spigot-1.12.2.jar:git-Spigot-fc7ad59-d7bebef]
	at org.bukkit.craftbukkit.v1_12_R1.CraftServer.loadPlugins(CraftServer.java:305) [spigot-1.12.2.jar:git-Spigot-fc7ad59-d7bebef]
	at net.minecraft.server.v1_12_R1.DedicatedServer.init(DedicatedServer.java:205) [spigot-1.12.2.jar:git-Spigot-fc7ad59-d7bebef]
	at net.minecraft.server.v1_12_R1.MinecraftServer.run(MinecraftServer.java:545) [spigot-1.12.2.jar:git-Spigot-fc7ad59-d7bebef]
	at java.lang.Thread.run(Thread.java:748) [?:1.8.0_181]
Caused by: java.io.FileNotFoundException: Jar does not contain plugin.yml
	... 6 more
[14:49:22] [Server thread/INFO]: Set PluginClassLoader as parallel capable
[14:49:23] [Server thread/INFO]: [Vault] Loading Vault v1.5.6-b49
[14:49:23] [Server thread/INFO]: [Essentials] Loading Essentials v2.0.1-b341
[14:49:23] [Server thread/INFO]: [EssentialsProtect] Loading EssentialsProtect v2.0.1-b341
[14:49:23] [Server thread/INFO]: [EssentialsSpawn] Loading EssentialsSpawn v2.0.1-b341
[14:49:23] [Server thread/INFO]: [GroupManager] Loading GroupManager v2.0.1-b332
[14:49:23] [Server thread/INFO]: [MinewebBridge] Loading MinewebBridge v2.0.0
[14:49:23] [Server thread/INFO]: [EssentialsChat] Loading EssentialsChat v2.0.1-b341
[14:49:23] [Server thread/INFO]: [MassiveCore] Loading MassiveCore v2.8.8
[14:49:23] [Server thread/INFO]: TimeUnit.MILLIS_PER_MINUTE: 60000
[14:49:23] [Server thread/INFO]: [EssentialsAntiBuild] Loading EssentialsAntiBuild v2.0.1-b341
[14:49:23] [Server thread/INFO]: [Factions] Loading Factions v2.8.8
[14:49:23] [Server thread/INFO]: [Vault] Enabling Vault v1.5.6-b49
[14:49:23] [Server thread/INFO]: [Vault] [Economy] Essentials Economy found: Waiting
[14:49:23] [Server thread/INFO]: [Vault] [Permission] GroupManager found: Waiting
[14:49:23] [Server thread/INFO]: [Vault] [Permission] SuperPermissions loaded as backup permission system.
[14:49:23] [Server thread/INFO]: [Vault] [Chat] GroupManager found: Waiting
[14:49:23] [Server thread/INFO]: [Vault] Enabled Version 1.5.6-b49
[14:49:23] [Server thread/INFO]: [MassiveCore] Enabling MassiveCore v2.8.8
[14:49:23] [Server thread/INFO]: [MassiveCore 2.8.8] === ENABLE START ===
[14:49:23] [Server thread/INFO]: [MassiveCore 2.8.8] Loading Cachefile datas...
[14:49:23] [Server thread/INFO]: [MassiveCore 2.8.8] Loading Onlineplayer datas...
[14:49:23] [Server thread/INFO]: [MassiveCore 2.8.8] Loading Registry datas...
[14:49:23] [Server thread/INFO]: [MassiveCore 2.8.8] Saving Cachefile...
[14:49:23] [Server thread/INFO]: [MassiveCore 2.8.8] Setup of IdUtil took 28ms.
[14:49:23] [Server thread/INFO]: [MassiveCore 2.8.8] Activated Integration IntegrationVault
[14:49:24] [Server thread/INFO]: [MassiveCore 2.8.8] === ENABLE COMPLETE (Took 733ms) ===
[14:49:24] [Server thread/WARN]: **** SERVER IS RUNNING IN OFFLINE/INSECURE MODE!
[14:49:24] [Server thread/WARN]: The server will make no attempt to authenticate usernames. Beware.
[14:49:24] [Server thread/WARN]: While this makes the game possible to play without internet access, it also opens up the ability for hackers to connect with any username they choose.
[14:49:24] [Server thread/WARN]: To change this, set "online-mode" to "true" in the server.properties file.
[14:49:24] [Server thread/INFO]: **** Beginning UUID conversion, this may take A LONG time ****
[14:49:24] [Server thread/INFO]: Preparing level "world"
[14:49:24] [Server thread/INFO]: -------- World Settings For [world] --------
[14:49:24] [Server thread/INFO]: Entity Activation Range: An 32 / Mo 32 / Mi 16 / Tiv true
[14:49:24] [Server thread/INFO]: Entity Tracking Range: Pl 48 / An 48 / Mo 48 / Mi 32 / Other 64
[14:49:24] [Server thread/INFO]: Hopper Transfer: 8 Hopper Check: 1 Hopper Amount: 1
[14:49:24] [Server thread/INFO]: Random Lighting Updates: false
[14:49:24] [Server thread/INFO]: Structure Info Saving: true
[14:49:24] [Server thread/INFO]: Custom Map Seeds:  Village: 10387312 Feature: 14357617 Monument: 10387313 Slime: 987234911
[14:49:24] [Server thread/INFO]: Max TNT Explosions: 100
[14:49:24] [Server thread/INFO]: Tile Max Tick Time: 50ms Entity max Tick Time: 50ms
[14:49:24] [Server thread/INFO]: Mob Spawn Range: 4
[14:49:24] [Server thread/INFO]: Cactus Growth Modifier: 100%
[14:49:24] [Server thread/INFO]: Cane Growth Modifier: 100%
[14:49:24] [Server thread/INFO]: Melon Growth Modifier: 100%
[14:49:24] [Server thread/INFO]: Mushroom Growth Modifier: 100%
[14:49:24] [Server thread/INFO]: Pumpkin Growth Modifier: 100%
[14:49:24] [Server thread/INFO]: Sapling Growth Modifier: 100%
[14:49:24] [Server thread/INFO]: Wheat Growth Modifier: 100%
[14:49:24] [Server thread/INFO]: NetherWart Growth Modifier: 100%
[14:49:24] [Server thread/INFO]: Vine Growth Modifier: 100%
[14:49:24] [Server thread/INFO]: Cocoa Growth Modifier: 100%
[14:49:24] [Server thread/INFO]: Item Merge Radius: 2.5
[14:49:24] [Server thread/INFO]: Item Despawn Rate: 6000
[14:49:24] [Server thread/INFO]: Arrow Despawn Rate: 1200
[14:49:24] [Server thread/INFO]: Allow Zombie Pigmen to spawn from portal blocks: true
[14:49:24] [Server thread/INFO]: View Distance: 10
[14:49:24] [Server thread/INFO]: Experience Merge Radius: 3.0
[14:49:24] [Server thread/INFO]: Zombie Aggressive Towards Villager: true
[14:49:24] [Server thread/INFO]: Nerfing mobs spawned from spawners: false
[14:49:24] [Server thread/INFO]: -------- World Settings For [world_nether] --------
[14:49:24] [Server thread/INFO]: Entity Activation Range: An 32 / Mo 32 / Mi 16 / Tiv true
[14:49:24] [Server thread/INFO]: Entity Tracking Range: Pl 48 / An 48 / Mo 48 / Mi 32 / Other 64
[14:49:24] [Server thread/INFO]: Hopper Transfer: 8 Hopper Check: 1 Hopper Amount: 1
[14:49:24] [Server thread/INFO]: Random Lighting Updates: false
[14:49:24] [Server thread/INFO]: Structure Info Saving: true
[14:49:24] [Server thread/INFO]: Custom Map Seeds:  Village: 10387312 Feature: 14357617 Monument: 10387313 Slime: 987234911
[14:49:24] [Server thread/INFO]: Max TNT Explosions: 100
[14:49:24] [Server thread/INFO]: Tile Max Tick Time: 50ms Entity max Tick Time: 50ms
[14:49:24] [Server thread/INFO]: Mob Spawn Range: 4
[14:49:24] [Server thread/INFO]: Cactus Growth Modifier: 100%
[14:49:24] [Server thread/INFO]: Cane Growth Modifier: 100%
[14:49:24] [Server thread/INFO]: Melon Growth Modifier: 100%
[14:49:24] [Server thread/INFO]: Mushroom Growth Modifier: 100%
[14:49:24] [Server thread/INFO]: Pumpkin Growth Modifier: 100%
[14:49:24] [Server thread/INFO]: Sapling Growth Modifier: 100%
[14:49:24] [Server thread/INFO]: Wheat Growth Modifier: 100%
[14:49:24] [Server thread/INFO]: NetherWart Growth Modifier: 100%
[14:49:24] [Server thread/INFO]: Vine Growth Modifier: 100%
[14:49:24] [Server thread/INFO]: Cocoa Growth Modifier: 100%
[14:49:24] [Server thread/INFO]: Item Merge Radius: 2.5
[14:49:24] [Server thread/INFO]: Item Despawn Rate: 6000
[14:49:24] [Server thread/INFO]: Arrow Despawn Rate: 1200
[14:49:24] [Server thread/INFO]: Allow Zombie Pigmen to spawn from portal blocks: true
[14:49:24] [Server thread/INFO]: View Distance: 10
[14:49:24] [Server thread/INFO]: Experience Merge Radius: 3.0
[14:49:24] [Server thread/INFO]: Zombie Aggressive Towards Villager: true
[14:49:24] [Server thread/INFO]: Nerfing mobs spawned from spawners: false
[14:49:24] [Server thread/INFO]: -------- World Settings For [world_the_end] --------
[14:49:24] [Server thread/INFO]: Entity Activation Range: An 32 / Mo 32 / Mi 16 / Tiv true
[14:49:24] [Server thread/INFO]: Entity Tracking Range: Pl 48 / An 48 / Mo 48 / Mi 32 / Other 64
[14:49:24] [Server thread/INFO]: Hopper Transfer: 8 Hopper Check: 1 Hopper Amount: 1
[14:49:24] [Server thread/INFO]: Random Lighting Updates: false
[14:49:24] [Server thread/INFO]: Structure Info Saving: true
[14:49:24] [Server thread/INFO]: Custom Map Seeds:  Village: 10387312 Feature: 14357617 Monument: 10387313 Slime: 987234911
[14:49:24] [Server thread/INFO]: Max TNT Explosions: 100
[14:49:24] [Server thread/INFO]: Tile Max Tick Time: 50ms Entity max Tick Time: 50ms
[14:49:24] [Server thread/INFO]: Mob Spawn Range: 4
[14:49:24] [Server thread/INFO]: Cactus Growth Modifier: 100%
[14:49:24] [Server thread/INFO]: Cane Growth Modifier: 100%
[14:49:24] [Server thread/INFO]: Melon Growth Modifier: 100%
[14:49:24] [Server thread/INFO]: Mushroom Growth Modifier: 100%
[14:49:24] [Server thread/INFO]: Pumpkin Growth Modifier: 100%
[14:49:24] [Server thread/INFO]: Sapling Growth Modifier: 100%
[14:49:24] [Server thread/INFO]: Wheat Growth Modifier: 100%
[14:49:24] [Server thread/INFO]: NetherWart Growth Modifier: 100%
[14:49:24] [Server thread/INFO]: Vine Growth Modifier: 100%
[14:49:24] [Server thread/INFO]: Cocoa Growth Modifier: 100%
[14:49:24] [Server thread/INFO]: Item Merge Radius: 2.5
[14:49:24] [Server thread/INFO]: Item Despawn Rate: 6000
[14:49:24] [Server thread/INFO]: Arrow Despawn Rate: 1200
[14:49:24] [Server thread/INFO]: Allow Zombie Pigmen to spawn from portal blocks: true
[14:49:24] [Server thread/INFO]: View Distance: 10
[14:49:24] [Server thread/INFO]: Experience Merge Radius: 3.0
[14:49:24] [Server thread/INFO]: Zombie Aggressive Towards Villager: true
[14:49:24] [Server thread/INFO]: Nerfing mobs spawned from spawners: false
[14:49:25] [Server thread/INFO]: Preparing start region for level 0 (Seed: 2096058270519876538)
[14:49:26] [Server thread/WARN]: Skipping Structure with id EpicTemple [EWG]
[14:49:26] [Server thread/WARN]: Skipping Structure with id EpicTemple [EWG]
[14:49:26] [Server thread/WARN]: Skipping Structure with id EpicTemple [EWG]
[14:49:26] [Server thread/WARN]: Skipping Structure with id EpicTemple [EWG]
[14:49:26] [Server thread/WARN]: Skipping Structure with id EpicTemple [EWG]
[14:49:26] [Server thread/WARN]: Skipping Structure with id EpicTemple [EWG]
[14:49:26] [Server thread/WARN]: Skipping Structure with id EpicTemple [EWG]
[14:49:26] [Server thread/WARN]: Skipping Structure with id EpicTemple [EWG]
[14:49:26] [Server thread/INFO]: Preparing spawn area: 0%
[14:49:27] [Server thread/INFO]: Preparing spawn area: 24%
[14:49:28] [Server thread/INFO]: Preparing spawn area: 88%
[14:49:28] [Server thread/INFO]: Preparing start region for level 1 (Seed: -8341728871355684872)
[14:49:29] [Server thread/INFO]: Preparing spawn area: 96%
[14:49:29] [Server thread/INFO]: Preparing start region for level 2 (Seed: -8341728871355684872)
[14:49:29] [Server thread/INFO]: [Essentials] Enabling Essentials v2.0.1-b341
[14:49:29] [Server thread/INFO]: Using locale fr_FR
[14:49:30] [Server thread/INFO]: [Essentials] Using 1.8.3+ BlockStateMeta provider as mob spawner provider.
[14:49:30] [Server thread/INFO]: [Essentials] Using legacy item data provider as spawn egg provider.
[14:49:30] [Server thread/INFO]: [Essentials] Using 1.9+ BasePotionData provider as potion meta provider.
[14:49:30] [Server thread/INFO]: Using locale fr_FR
[14:49:30] [Server thread/INFO]: [Essentials] Starting Metrics. Opt-out using the global PluginMetrics config.
[14:49:30] [Server thread/INFO]: [Vault][Economy] Essentials Economy hooked.
[14:49:30] [Server thread/INFO]: [Essentials] Using Vault based permissions (GroupManager)
[14:49:30] [Server thread/INFO]: [EssentialsProtect] Enabling EssentialsProtect v2.0.1-b341
[14:49:30] [Server thread/INFO]: [EssentialsSpawn] Enabling EssentialsSpawn v2.0.1-b341
[14:49:30] [Server thread/INFO]: [GroupManager] Enabling GroupManager v2.0.1-b332
[14:49:30] [Server thread/INFO]: GroupManager - INFO - World Found: world
[14:49:30] [Server thread/INFO]: GroupManager - INFO - Superperms support enabled.
[14:49:30] [Server thread/INFO]: GroupManager - INFO - Scheduled Data Saving is set for every 10 minutes!
[14:49:30] [Server thread/INFO]: GroupManager - INFO - Backups will be retained for 24 hours!
[14:49:30] [Server thread/INFO]: GroupManager version 2.0.1-b332 is enabled!
[14:49:30] [Server thread/INFO]: [Vault][Permission] GroupManager hooked.
[14:49:30] [Server thread/INFO]: [Vault][Chat] GroupManager - Chat hooked.
[14:49:30] [Server thread/INFO]: [MinewebBridge] Enabling MinewebBridge v2.0.0
[14:49:30] [Server thread/INFO]: [EssentialsChat] Enabling EssentialsChat v2.0.1-b341
[14:49:30] [Server thread/INFO]: [EssentialsAntiBuild] Enabling EssentialsAntiBuild v2.0.1-b341
[14:49:30] [Server thread/INFO]: [Factions] Enabling Factions v2.8.8
[14:49:30] [Server thread/INFO]: [Factions 2.8.8] === ENABLE START ===
[14:49:31] [Server thread/INFO]: [Factions 2.8.8] Activated Integration IntegrationSpigot
[14:49:31] [Server thread/INFO]: [Factions 2.8.8] === ENABLE COMPLETE (Took 350ms) ===
[14:49:31] [Server thread/INFO]: [Factions 2.8.8] === ENABLE COMPLETE (Took 352ms) ===
[14:49:31] [Server thread/INFO]: Server permissions file permissions.yml is empty, ignoring it
[14:49:31] [Server thread/INFO]: Done (7,329s)! For help, type "help" or "?"
[14:49:31] [Server thread/INFO]: GroupManager - INFO - Bukkit Permissions Updated!
[14:49:31] [Craft Scheduler Thread - 7/INFO]: [Vault] Checking for Updates ... 
[14:49:36] [Server thread/INFO]: ____----====[ Sponsored by ServerMiner ]====----____
[14:49:36] [Server thread/INFO]: Get 20% off a Premium Factions Server at ServerMiner:
[14:49:36] [Server thread/INFO]: https://ServerMiner.com/plugins/Factions-Server-Hosting?p=MassiveCraft
[14:49:36] [Server thread/INFO]: Factions and MassiveCore is sponsored by ServerMiner.com!
[14:49:36] [Server thread/INFO]: They help us fund the development of new plugin features.
[14:49:36] [Server thread/INFO]: Only server operators get this message, not regular players.
[14:49:36] [Server thread/INFO]: Type /mcore sponsor to disable it.
[14:49:43] [Craft Scheduler Thread - 7/INFO]: [Vault] There was an issue attempting to check for the latest version.
[14:49:43] [Craft Scheduler Thread - 7/INFO]: [Vault] No new version available
[14:50:02] [Craft Scheduler Thread - 7/WARN]: java.net.UnknownHostException: sponsorinfo.massivecraft.com
[14:50:02] [Craft Scheduler Thread - 7/WARN]: 	at java.net.AbstractPlainSocketImpl.connect(AbstractPlainSocketImpl.java:184)
[14:50:02] [Craft Scheduler Thread - 7/WARN]: 	at java.net.SocksSocketImpl.connect(SocksSocketImpl.java:392)
[14:50:02] [Craft Scheduler Thread - 7/WARN]: 	at java.net.Socket.connect(Socket.java:589)
[14:50:02] [Craft Scheduler Thread - 7/WARN]: 	at sun.net.NetworkClient.doConnect(NetworkClient.java:175)
[14:50:02] [Craft Scheduler Thread - 7/WARN]: 	at sun.net.www.http.HttpClient.openServer(HttpClient.java:463)
[14:50:02] [Craft Scheduler Thread - 7/WARN]: 	at sun.net.www.http.HttpClient.openServer(HttpClient.java:558)
[14:50:02] [Craft Scheduler Thread - 7/WARN]: 	at sun.net.www.http.HttpClient.<init>(HttpClient.java:242)
[14:50:02] [Craft Scheduler Thread - 7/WARN]: 	at sun.net.www.http.HttpClient.New(HttpClient.java:339)
[14:50:02] [Craft Scheduler Thread - 7/WARN]: 	at sun.net.www.http.HttpClient.New(HttpClient.java:357)
[14:50:02] [Craft Scheduler Thread - 7/WARN]: 	at sun.net.www.protocol.http.HttpURLConnection.getNewHttpClient(HttpURLConnection.java:1220)
[14:50:02] [Craft Scheduler Thread - 7/WARN]: 	at sun.net.www.protocol.http.HttpURLConnection.plainConnect0(HttpURLConnection.java:1156)
[14:50:02] [Craft Scheduler Thread - 7/WARN]: 	at sun.net.www.protocol.http.HttpURLConnection.plainConnect(HttpURLConnection.java:1050)
[14:50:02] [Craft Scheduler Thread - 7/WARN]: 	at sun.net.www.protocol.http.HttpURLConnection.connect(HttpURLConnection.java:984)
[14:50:02] [Craft Scheduler Thread - 7/WARN]: 	at com.massivecraft.massivecore.util.WebUtil.getLines(WebUtil.java:108)
[14:50:02] [Craft Scheduler Thread - 7/WARN]: 	at com.massivecraft.massivecore.MassiveCoreMSponsorInfo$1.run(MassiveCoreMSponsorInfo.java:143)
[14:50:02] [Craft Scheduler Thread - 7/WARN]: 	at org.bukkit.craftbukkit.v1_12_R1.scheduler.CraftTask.run(CraftTask.java:76)
[14:50:02] [Craft Scheduler Thread - 7/WARN]: 	at org.bukkit.craftbukkit.v1_12_R1.scheduler.CraftAsyncTask.run(CraftAsyncTask.java:52)
[14:50:02] [Craft Scheduler Thread - 7/WARN]: 	at java.util.concurrent.ThreadPoolExecutor.runWorker(ThreadPoolExecutor.java:1149)
[14:50:02] [Craft Scheduler Thread - 7/WARN]: 	at java.util.concurrent.ThreadPoolExecutor$Worker.run(ThreadPoolExecutor.java:624)
[14:50:02] [Craft Scheduler Thread - 7/WARN]: 	at java.lang.Thread.run(Thread.java:748)
[14:50:15] [Thread-2/INFO]: Stopping server
